0 info it worked if it ends with ok
1 verbose cli [ '/usr/local/bin/node', '/usr/local/bin/npm', 'run', 'server' ]
2 info using npm@4.1.2
3 info using node@v7.6.0
4 verbose run-script [ 'preserver', 'server', 'postserver' ]
5 info lifecycle webpack-test@1.0.0~preserver: webpack-test@1.0.0
6 silly lifecycle webpack-test@1.0.0~preserver: no script for preserver, continuing
7 info lifecycle webpack-test@1.0.0~server: webpack-test@1.0.0
8 verbose lifecycle webpack-test@1.0.0~server: unsafe-perm in lifecycle true
9 verbose lifecycle webpack-test@1.0.0~server: PATH: /usr/local/lib/node_modules/npm/bin/node-gyp-bin:/Users/zhuxinhui/work/vscode/webpackPro/node_modules/.bin:/Users/zhuxinhui/anaconda2/bin:/usr/local/bin:/usr/bin:/bin:/usr/sbin:/sbin:/Users/zhuxinhui/anaconda2/bin:/Library/Java/JavaVirtualMachines/jdk1.8.0_111.jdk/Contents/Home/bin:/Users/zhuxinhui/work/workspace/env/apache-maven-3.0.5/bin:/Users/zhuxinhui/work/jetty9/bin:/usr/local/cuda/bin:/Developer/NVIDIA/CUDA-8.0/bin:/Users/zhuxinhui/work/gradle-2.13/bin:/Library/Java/JavaVirtualMachines/jdk1.8.0_111.jdk/Contents/Home/bin:/Users/zhuxinhui/work/workspace/env/apache-maven-3.0.5/bin:/Users/zhuxinhui/work/jetty9/bin:/usr/local/cuda/bin:/Developer/NVIDIA/CUDA-8.0/bin:/Users/zhuxinhui/work/gradle-2.13/bin
10 verbose lifecycle webpack-test@1.0.0~server: CWD: /Users/zhuxinhui/work/vscode/webpackPro
11 silly lifecycle webpack-test@1.0.0~server: Args: [ '-c', 'webpack-dev-server --open' ]
12 silly lifecycle webpack-test@1.0.0~server: Returned: code: 1  signal: null
13 info lifecycle webpack-test@1.0.0~server: Failed to exec server script
14 verbose stack Error: webpack-test@1.0.0 server: `webpack-dev-server --open`
14 verbose stack Exit status 1
14 verbose stack     at EventEmitter.<anonymous> (/usr/local/lib/node_modules/npm/lib/utils/lifecycle.js:279:16)
14 verbose stack     at emitTwo (events.js:106:13)
14 verbose stack     at EventEmitter.emit (events.js:192:7)
14 verbose stack     at ChildProcess.<anonymous> (/usr/local/lib/node_modules/npm/lib/utils/spawn.js:40:14)
14 verbose stack     at emitTwo (events.js:106:13)
14 verbose stack     at ChildProcess.emit (events.js:192:7)
14 verbose stack     at maybeClose (internal/child_process.js:890:16)
14 verbose stack     at Process.ChildProcess._handle.onexit (internal/child_process.js:226:5)
15 verbose pkgid webpack-test@1.0.0
16 verbose cwd /Users/zhuxinhui/work/vscode/webpackPro
17 error Darwin 15.0.0
18 error argv "/usr/local/bin/node" "/usr/local/bin/npm" "run" "server"
19 error node v7.6.0
20 error npm  v4.1.2
21 error code ELIFECYCLE
22 error webpack-test@1.0.0 server: `webpack-dev-server --open`
22 error Exit status 1
23 error Failed at the webpack-test@1.0.0 server script 'webpack-dev-server --open'.
23 error Make sure you have the latest version of node.js and npm installed.
23 error If you do, this is most likely a problem with the webpack-test package,
23 error not with npm itself.
23 error Tell the author that this fails on your system:
23 error     webpack-dev-server --open
23 error You can get information on how to open an issue for this project with:
23 error     npm bugs webpack-test
23 error Or if that isn't available, you can get their info via:
23 error     npm owner ls webpack-test
23 error There is likely additional logging output above.
24 verbose exit [ 1, true ]
